<?xml version="1.0" encoding="UTF-8"?>
<!-- Generated by org.testng.reporters.JUnitReportReporter -->
<testsuite skipped="0" hostname="Jeet" name="tests.LoginTest" tests="2" failures="0" timestamp="09 Nov 2019 20:51:03 GMT" time="52.324" errors="0">
  <testcase name="loginWithWrongEmailTest" time="25.481" classname="tests.LoginTest"/>
  <testcase name="loginWithWrongPasswordTest" time="26.843" classname="tests.LoginTest"/>
</testsuite> <!-- tests.LoginTest -->
